
SELECT
  TO_CHAR(start_time, 'Mon') AS Month,
  COUNT(*) AS Total,
  COUNT(*) FILTER (WHERE lesson_type_id = 3) AS Individual,
  COUNT(*) FILTER (WHERE lesson_type_id = 1) AS Group,
  COUNT(*) FILTER (WHERE lesson_type_id = 2) AS Ensemble
FROM
  frukt.lesson
WHERE
  EXTRACT(YEAR FROM start_time) = 2023
GROUP BY
  Month
ORDER BY
  month;


Output:

month|total|individual|group|ensemble|
-----+-----+----------+-----+--------+
Dec  |   11|         0|    7|       7|
Nov  |    3|         0|    2|       1|

With the EXPLAIN ANALYZE query:

QUERY PLAN                                                                                                  |
------------------------------------------------------------------------------------------------------------+
GroupAggregate  (cost=2.27..2.30 rows=1 width=64) (actual time=0.485..0.489 rows=2 loops=1)                 |
  Group Key: (to_char(start_time, 'Mon'::text))                                                             |
  ->  Sort  (cost=2.27..2.27 rows=1 width=36) (actual time=0.467..0.468 rows=17 loops=1)                    |
        Sort Key: (to_char(start_time, 'Mon'::text))                                                        |
        Sort Method: quicksort  Memory: 25kB                                                                |
        ->  Seq Scan on lesson  (cost=0.00..2.26 rows=1 width=36) (actual time=0.389..0.422 rows=17 loops=1)|
              Filter: (EXTRACT(year FROM start_time) = '2023'::numeric)                                     |
Planning Time: 0.744 ms                                                                                     |
Execution Time: 0.541 ms                                                                                    |