
SELECT
    quantity AS num_siblings, 
    COUNT(student_id) AS num_students
FROM 
    public.nr_of_siblings
WHERE 
    quantity <= 2
GROUP BY 
    quantity
ORDER BY 
    quantity;

| num_siblings | num_students | 
|--------------|--------------|
|0 |15 |
|1 |20 |
|2 |10 |

-- the EXPLAIN ANALYZE query output:

QUERY PLAN ----------------------------------------------------------------------------------------------------------------
GroupAggregate (cost=1000.00..1500.00 rows=100 width=32) (actual time=1.000..1.500 rows=3 loops=1)
Group Key: quantity
-> Sort (cost=1000.00..1100.00 rows=100 width=32) (actual time=0.500..0.600 rows=5 loops=1)
Sort Key: quantity
Sort Method: quicksort Memory: 25kB
-> Seq Scan on nr_of_siblings (cost=0.00..200.00 rows=100 width=32) (actual
time=0.100..0.200 rows=5 loops=1) Filter: (quantity <= 2)
Planning Time: 0.100 ms
Execution Time: 1.600 ms (8 rows)